# JRE version: Java(TM) SE Runtime Environment (8.0_144-b01) (build 1.8.0_144-b01)
# Java VM: Java HotSpot(TM) 64-Bit Server VM (25.144-b01 mixed mode windows-amd64 compressed oops)
Heap:
 PSYoungGen      total 217600K, used 88283K [0x00000000d5f00000, 0x00000000e5400000, 0x0000000100000000)
  eden space 199680K, 35% used [0x00000000d5f00000,0x00000000da3b7848,0x00000000e2200000)
  from space 17920K, 99% used [0x00000000e3b80000,0x00000000e4cff598,0x00000000e4d00000)
  to   space 25600K, 0% used [0x00000000e2200000,0x00000000e2200000,0x00000000e3b00000)
 ParOldGen       total 75776K, used 33725K [0x0000000081c00000, 0x0000000086600000, 0x00000000d5f00000)
  object space 75776K, 44% used [0x0000000081c00000,0x0000000083cef5e0,0x0000000086600000)
 Metaspace       used 29079K, capacity 29716K, committed 30080K, reserved 1075200K
  class space    used 3409K, capacity 3643K, committed 3712K, reserved 1048576K
GC Heap History (10 events):
Event: 1.574 GC heap before
{Heap before GC invocations=3 (full 0):
 PSYoungGen      total 71680K, used 71657K [0x00000000d5f00000, 0x00000000daa00000, 0x0000000100000000)
  eden space 66560K, 100% used [0x00000000d5f00000,0x00000000da000000,0x00000000da000000)
  from space 5120K, 99% used [0x00000000da500000,0x00000000da9fa6d8,0x00000000daa00000)
  to   space 5120K, 0% used [0x00000000da000000,0x00000000da000000,0x00000000da500000)
 ParOldGen       total 87552K, used 1374K [0x0000000081c00000, 0x0000000087180000, 0x00000000d5f00000)
  object space 87552K, 1% used [0x0000000081c00000,0x0000000081d57820,0x0000000087180000)
 Metaspace       used 15640K, capacity 15956K, committed 16128K, reserved 1062912K
  class space    used 1886K, capacity 1976K, committed 2048K, reserved 1048576K
Event: 1.589 GC heap after
Heap after GC invocations=3 (full 0):
 PSYoungGen      total 71680K, used 5112K [0x00000000d5f00000, 0x00000000deb00000, 0x0000000100000000)
  eden space 66560K, 0% used [0x00000000d5f00000,0x00000000d5f00000,0x00000000da000000)
  from space 5120K, 99% used [0x00000000da000000,0x00000000da4fe030,0x00000000da500000)
  to   space 5120K, 0% used [0x00000000de600000,0x00000000de600000,0x00000000deb00000)
 ParOldGen       total 87552K, used 9174K [0x0000000081c00000, 0x0000000087180000, 0x00000000d5f00000)
  object space 87552K, 10% used [0x0000000081c00000,0x00000000824f5818,0x0000000087180000)
 Metaspace       used 15640K, capacity 15956K, committed 16128K, reserved 1062912K
  class space    used 1886K, capacity 1976K, committed 2048K, reserved 1048576K
}
Event: 5.783 GC heap before
{Heap before GC invocations=4 (full 0):
 PSYoungGen      total 71680K, used 59943K [0x00000000d5f00000, 0x00000000deb00000, 0x0000000100000000)
  eden space 66560K, 82% used [0x00000000d5f00000,0x00000000d948bdd8,0x00000000da000000)
  from space 5120K, 99% used [0x00000000da000000,0x00000000da4fe030,0x00000000da500000)
  to   space 5120K, 0% used [0x00000000de600000,0x00000000de600000,0x00000000deb00000)
 ParOldGen       total 87552K, used 9174K [0x0000000081c00000, 0x0000000087180000, 0x00000000d5f00000)
  object space 87552K, 10% used [0x0000000081c00000,0x00000000824f5818,0x0000000087180000)
 Metaspace       used 20670K, capacity 21066K, committed 21296K, reserved 1069056K
  class space    used 2495K, capacity 2669K, committed 2688K, reserved 1048576K
Event: 5.798 GC heap after
Heap after GC invocations=4 (full 0):
 PSYoungGen      total 138240K, used 5096K [0x00000000d5f00000, 0x00000000deb00000, 0x0000000100000000)
  eden space 133120K, 0% used [0x00000000d5f00000,0x00000000d5f00000,0x00000000de100000)
  from space 5120K, 99% used [0x00000000de600000,0x00000000deafa050,0x00000000deb00000)
  to   space 5120K, 0% used [0x00000000de100000,0x00000000de100000,0x00000000de600000)
 ParOldGen       total 87552K, used 17090K [0x0000000081c00000, 0x0000000087180000, 0x00000000d5f00000)
  object space 87552K, 19% used [0x0000000081c00000,0x0000000082cb0bb0,0x0000000087180000)
 Metaspace       used 20670K, capacity 21066K, committed 21296K, reserved 1069056K
  class space    used 2495K, capacity 2669K, committed 2688K, reserved 1048576K
}
Event: 5.798 GC heap before
{Heap before GC invocations=5 (full 1):
 PSYoungGen      total 138240K, used 5096K [0x00000000d5f00000, 0x00000000deb00000, 0x0000000100000000)
  eden space 133120K, 0% used [0x00000000d5f00000,0x00000000d5f00000,0x00000000de100000)
  from space 5120K, 99% used [0x00000000de600000,0x00000000deafa050,0x00000000deb00000)
  to   space 5120K, 0% used [0x00000000de100000,0x00000000de100000,0x00000000de600000)
 ParOldGen       total 87552K, used 17090K [0x0000000081c00000, 0x0000000087180000, 0x00000000d5f00000)
  object space 87552K, 19% used [0x0000000081c00000,0x0000000082cb0bb0,0x0000000087180000)
 Metaspace       used 20670K, capacity 21066K, committed 21296K, reserved 1069056K
  class space    used 2495K, capacity 2669K, committed 2688K, reserved 1048576K
Event: 5.858 GC heap after
Heap after GC invocations=5 (full 1):
 PSYoungGen      total 138240K, used 0K [0x00000000d5f00000, 0x00000000deb00000, 0x0000000100000000)
  eden space 133120K, 0% used [0x00000000d5f00000,0x00000000d5f00000,0x00000000de100000)
  from space 5120K, 0% used [0x00000000de600000,0x00000000de600000,0x00000000deb00000)
  to   space 5120K, 0% used [0x00000000de100000,0x00000000de100000,0x00000000de600000)
 ParOldGen       total 75776K, used 17380K [0x0000000081c00000, 0x0000000086600000, 0x00000000d5f00000)
  object space 75776K, 22% used [0x0000000081c00000,0x0000000082cf91f0,0x0000000086600000)
 Metaspace       used 20670K, capacity 21066K, committed 21296K, reserved 1069056K
  class space    used 2495K, capacity 2669K, committed 2688K, reserved 1048576K
}
Event: 10.154 GC heap before
{Heap before GC invocations=6 (full 1):
 PSYoungGen      total 138240K, used 133120K [0x00000000d5f00000, 0x00000000deb00000, 0x0000000100000000)
  eden space 133120K, 100% used [0x00000000d5f00000,0x00000000de100000,0x00000000de100000)
  from space 5120K, 0% used [0x00000000de600000,0x00000000de600000,0x00000000deb00000)
  to   space 5120K, 0% used [0x00000000de100000,0x00000000de100000,0x00000000de600000)
 ParOldGen       total 75776K, used 17380K [0x0000000081c00000, 0x0000000086600000, 0x00000000d5f00000)
  object space 75776K, 22% used [0x0000000081c00000,0x0000000082cf91f0,0x0000000086600000)
 Metaspace       used 21903K, capacity 22304K, committed 22704K, reserved 1069056K
  class space    used 2575K, capacity 2710K, committed 2816K, reserved 1048576K
Event: 10.187 GC heap after
Heap after GC invocations=6 (full 1):
 PSYoungGen      total 138240K, used 5120K [0x00000000d5f00000, 0x00000000e4d00000, 0x0000000100000000)
  eden space 133120K, 0% used [0x00000000d5f00000,0x00000000d5f00000,0x00000000de100000)
  from space 5120K, 100% used [0x00000000de100000,0x00000000de600000,0x00000000de600000)
  to   space 17920K, 0% used [0x00000000e3b80000,0x00000000e3b80000,0x00000000e4d00000)
 ParOldGen       total 75776K, used 25937K [0x0000000081c00000, 0x0000000086600000, 0x00000000d5f00000)
  object space 75776K, 34% used [0x0000000081c00000,0x00000000835544a0,0x0000000086600000)
 Metaspace       used 21903K, capacity 22304K, committed 22704K, reserved 1069056K
  class space    used 2575K, capacity 2710K, committed 2816K, reserved 1048576K
}
Event: 40.163 GC heap before
{Heap before GC invocations=7 (full 1):
 PSYoungGen      total 138240K, used 138240K [0x00000000d5f00000, 0x00000000e4d00000, 0x0000000100000000)
  eden space 133120K, 100% used [0x00000000d5f00000,0x00000000de100000,0x00000000de100000)
  from space 5120K, 100% used [0x00000000de100000,0x00000000de600000,0x00000000de600000)
  to   space 17920K, 0% used [0x00000000e3b80000,0x00000000e3b80000,0x00000000e4d00000)
 ParOldGen       total 75776K, used 25937K [0x0000000081c00000, 0x0000000086600000, 0x00000000d5f00000)
  object space 75776K, 34% used [0x0000000081c00000,0x00000000835544a0,0x0000000086600000)
 Metaspace       used 28277K, capacity 28836K, committed 29184K, reserved 1075200K
  class space    used 3345K, capacity 3568K, committed 3584K, reserved 1048576K
Event: 40.216 GC heap after
Heap after GC invocations=7 (full 1):
 PSYoungGen      total 217600K, used 17917K [0x00000000d5f00000, 0x00000000e5400000, 0x0000000100000000)
  eden space 199680K, 0% used [0x00000000d5f00000,0x00000000d5f00000,0x00000000e2200000)
  from space 17920K, 99% used [0x00000000e3b80000,0x00000000e4cff598,0x00000000e4d00000)
  to   space 25600K, 0% used [0x00000000e2200000,0x00000000e2200000,0x00000000e3b00000)
 ParOldGen       total 75776K, used 33725K [0x0000000081c00000, 0x0000000086600000, 0x00000000d5f00000)
  object space 75776K, 44% used [0x0000000081c00000,0x0000000083cef5e0,0x0000000086600000)
 Metaspace       used 28277K, capacity 28836K, committed 29184K, reserved 1075200K
  class space    used 3345K, capacity 3568K, committed 3584K, reserved 1048576K
}

